# JRE version: Java(TM) SE Runtime Environment (17.0.10+11) (build 17.0.10+11-LTS-240)
# Java VM: Java HotSpot(TM) 64-Bit Server VM (17.0.10+11-LTS-240, mixed mode, emulated-client, sharing, tiered, compressed oops, compressed class ptrs, g1 gc, windows-amd64)
GC Precious Log:
 CPUs: 12 total, 12 available
 Memory: 7918M
 Large Page Support: Disabled
 NUMA Support: Disabled
 Compressed Oops: Enabled (32-bit)
 Heap Region Size: 1M
 Heap Min Capacity: 8M
 Heap Initial Capacity: 124M
 Heap Max Capacity: 1980M
 Pre-touch: Disabled
 Parallel Workers: 10
 Concurrent Workers: 3
 Concurrent Refinement Workers: 10
 Periodic GC: Disabled
Heap:
 garbage-first heap   total 156672K, used 46064K [0x0000000084400000, 0x0000000100000000)
  region size 1024K, 1 young (1024K), 1 survivors (1024K)
 Metaspace       used 79287K, committed 80000K, reserved 1179648K
  class space    used 11736K, committed 12032K, reserved 1048576K
GC Heap History (20 events):
Event: 11488.671 GC heap after
{Heap after GC invocations=385 (full 0):
 garbage-first heap   total 156672K, used 46018K [0x0000000084400000, 0x0000000100000000)
  region size 1024K, 1 young (1024K), 1 survivors (1024K)
 Metaspace       used 79287K, committed 80000K, reserved 1179648K
  class space    used 11736K, committed 12032K, reserved 1048576K
}
Event: 11489.148 GC heap before
{Heap before GC invocations=385 (full 0):
 garbage-first heap   total 156672K, used 137154K [0x0000000084400000, 0x0000000100000000)
  region size 1024K, 91 young (93184K), 1 survivors (1024K)
 Metaspace       used 79287K, committed 80000K, reserved 1179648K
  class space    used 11736K, committed 12032K, reserved 1048576K
}
Event: 11489.193 GC heap after
{Heap after GC invocations=386 (full 0):
 garbage-first heap   total 156672K, used 46157K [0x0000000084400000, 0x0000000100000000)
  region size 1024K, 1 young (1024K), 1 survivors (1024K)
 Metaspace       used 79287K, committed 80000K, reserved 1179648K
  class space    used 11736K, committed 12032K, reserved 1048576K
}
Event: 11489.663 GC heap before
{Heap before GC invocations=386 (full 0):
 garbage-first heap   total 156672K, used 138317K [0x0000000084400000, 0x0000000100000000)
  region size 1024K, 91 young (93184K), 1 survivors (1024K)
 Metaspace       used 79287K, committed 80000K, reserved 1179648K
  class space    used 11736K, committed 12032K, reserved 1048576K
}
Event: 11489.667 GC heap after
{Heap after GC invocations=387 (full 0):
 garbage-first heap   total 156672K, used 46130K [0x0000000084400000, 0x0000000100000000)
  region size 1024K, 1 young (1024K), 1 survivors (1024K)
 Metaspace       used 79287K, committed 80000K, reserved 1179648K
  class space    used 11736K, committed 12032K, reserved 1048576K
}
Event: 11490.176 GC heap before
{Heap before GC invocations=387 (full 0):
 garbage-first heap   total 156672K, used 138290K [0x0000000084400000, 0x0000000100000000)
  region size 1024K, 91 young (93184K), 1 survivors (1024K)
 Metaspace       used 79287K, committed 80000K, reserved 1179648K
  class space    used 11736K, committed 12032K, reserved 1048576K
}
Event: 11490.178 GC heap after
{Heap after GC invocations=388 (full 0):
 garbage-first heap   total 156672K, used 46102K [0x0000000084400000, 0x0000000100000000)
  region size 1024K, 1 young (1024K), 1 survivors (1024K)
 Metaspace       used 79287K, committed 80000K, reserved 1179648K
  class space    used 11736K, committed 12032K, reserved 1048576K
}
Event: 11490.884 GC heap before
{Heap before GC invocations=388 (full 0):
 garbage-first heap   total 156672K, used 137238K [0x0000000084400000, 0x0000000100000000)
  region size 1024K, 91 young (93184K), 1 survivors (1024K)
 Metaspace       used 79287K, committed 80000K, reserved 1179648K
  class space    used 11736K, committed 12032K, reserved 1048576K
}
Event: 11490.886 GC heap after
{Heap after GC invocations=389 (full 0):
 garbage-first heap   total 156672K, used 46122K [0x0000000084400000, 0x0000000100000000)
  region size 1024K, 1 young (1024K), 1 survivors (1024K)
 Metaspace       used 79287K, committed 80000K, reserved 1179648K
  class space    used 11736K, committed 12032K, reserved 1048576K
}
Event: 11491.393 GC heap before
{Heap before GC invocations=389 (full 0):
 garbage-first heap   total 156672K, used 137258K [0x0000000084400000, 0x0000000100000000)
  region size 1024K, 91 young (93184K), 1 survivors (1024K)
 Metaspace       used 79287K, committed 80000K, reserved 1179648K
  class space    used 11736K, committed 12032K, reserved 1048576K
}
Event: 11491.396 GC heap after
{Heap after GC invocations=390 (full 0):
 garbage-first heap   total 156672K, used 46012K [0x0000000084400000, 0x0000000100000000)
  region size 1024K, 1 young (1024K), 1 survivors (1024K)
 Metaspace       used 79287K, committed 80000K, reserved 1179648K
  class space    used 11736K, committed 12032K, reserved 1048576K
}
Event: 11491.799 GC heap before
{Heap before GC invocations=390 (full 0):
 garbage-first heap   total 156672K, used 138172K [0x0000000084400000, 0x0000000100000000)
  region size 1024K, 91 young (93184K), 1 survivors (1024K)
 Metaspace       used 79287K, committed 80000K, reserved 1179648K
  class space    used 11736K, committed 12032K, reserved 1048576K
}
Event: 11491.801 GC heap after
{Heap after GC invocations=391 (full 0):
 garbage-first heap   total 156672K, used 46064K [0x0000000084400000, 0x0000000100000000)
  region size 1024K, 1 young (1024K), 1 survivors (1024K)
 Metaspace       used 79287K, committed 80000K, reserved 1179648K
  class space    used 11736K, committed 12032K, reserved 1048576K
}
Event: 11492.279 GC heap before
{Heap before GC invocations=391 (full 0):
 garbage-first heap   total 156672K, used 138224K [0x0000000084400000, 0x0000000100000000)
  region size 1024K, 91 young (93184K), 1 survivors (1024K)
 Metaspace       used 79287K, committed 80000K, reserved 1179648K
  class space    used 11736K, committed 12032K, reserved 1048576K
}
Event: 11492.281 GC heap after
{Heap after GC invocations=392 (full 0):
 garbage-first heap   total 156672K, used 45981K [0x0000000084400000, 0x0000000100000000)
  region size 1024K, 1 young (1024K), 1 survivors (1024K)
 Metaspace       used 79287K, committed 80000K, reserved 1179648K
  class space    used 11736K, committed 12032K, reserved 1048576K
}
Event: 11492.745 GC heap before
{Heap before GC invocations=392 (full 0):
 garbage-first heap   total 156672K, used 138141K [0x0000000084400000, 0x0000000100000000)
  region size 1024K, 91 young (93184K), 1 survivors (1024K)
 Metaspace       used 79287K, committed 80000K, reserved 1179648K
  class space    used 11736K, committed 12032K, reserved 1048576K
}
Event: 11492.749 GC heap after
{Heap after GC invocations=393 (full 0):
 garbage-first heap   total 156672K, used 46077K [0x0000000084400000, 0x0000000100000000)
  region size 1024K, 1 young (1024K), 1 survivors (1024K)
 Metaspace       used 79287K, committed 80000K, reserved 1179648K
  class space    used 11736K, committed 12032K, reserved 1048576K
}
Event: 11493.303 GC heap before
{Heap before GC invocations=393 (full 0):
 garbage-first heap   total 156672K, used 138237K [0x0000000084400000, 0x0000000100000000)
  region size 1024K, 91 young (93184K), 1 survivors (1024K)
 Metaspace       used 79287K, committed 80000K, reserved 1179648K
  class space    used 11736K, committed 12032K, reserved 1048576K
}
Event: 11493.310 GC heap after
{Heap after GC invocations=394 (full 0):
 garbage-first heap   total 156672K, used 46067K [0x0000000084400000, 0x0000000100000000)
  region size 1024K, 1 young (1024K), 1 survivors (1024K)
 Metaspace       used 79287K, committed 80000K, reserved 1179648K
  class space    used 11736K, committed 12032K, reserved 1048576K
}
Event: 11493.888 GC heap before
{Heap before GC invocations=394 (full 0):
 garbage-first heap   total 156672K, used 138227K [0x0000000084400000, 0x0000000100000000)
  region size 1024K, 91 young (93184K), 1 survivors (1024K)
 Metaspace       used 79287K, committed 80000K, reserved 1179648K
  class space    used 11736K, committed 12032K, reserved 1048576K
}

